<?xml version="1.0" encoding="UTF-8" standalone="no"?>
<testsuite errors="0" failures="0" name="io.cucumber.core.plugin.JUnitFormatter" skipped="0" tests="1" time="29.886">
<testcase classname="Verify the login page functionality" name="Verify login functionality with valid Username and Password" time="29.464">
<system-out><![CDATA[Given User is at login page and enter https://example.testproject.io/web/...passed
When User enters akash and 12345............................................passed
And User clicks on login button.............................................passed
Then User should be able to navigates to homepage...........................passed
]]></system-out>
</testcase>
</testsuite>
